# JRE version: OpenJDK Runtime Environment Temurin-21.0.10+7 (21.0.10+7) (build 21.0.10+7-LTS)
# Java VM: OpenJDK 64-Bit Server VM Temurin-21.0.10+7 (21.0.10+7-LTS, mixed mode, sharing, tiered, compressed oops, compressed class ptrs, parallel gc, windows-amd64)
GC Precious Log:
 CardTable entry size: 512
 CPUs: 12 total, 12 available
 Memory: 23925M
 Large Page Support: Disabled
 NUMA Support: Disabled
 Compressed Oops: Enabled (32-bit)
 Alignments: Space 512K, Generation 512K, Heap 2M
 Heap Min Capacity: 100M
 Heap Initial Capacity: 100M
 Heap Max Capacity: 2G
 Pre-touch: Disabled
 Parallel Workers: 10
Heap:
 PSYoungGen      total 12288K, used 3018K [0x00000000d5580000, 0x00000000d6600000, 0x0000000100000000)
  eden space 11264K, 21% used [0x00000000d5580000,0x00000000d57e2ad8,0x00000000d6080000)
  from space 1024K, 56% used [0x00000000d6400000,0x00000000d6490020,0x00000000d6500000)
  to   space 1024K, 0% used [0x00000000d6500000,0x00000000d6500000,0x00000000d6600000)
 ParOldGen       total 68608K, used 58664K [0x0000000080000000, 0x0000000084300000, 0x00000000d5580000)
  object space 68608K, 85% used [0x0000000080000000,0x000000008394a278,0x0000000084300000)
 Metaspace       used 62075K, committed 63552K, reserved 1114112K
  class space    used 7360K, committed 8000K, reserved 1048576K
GC Heap History (20 events):
Event: 34.117 GC heap before
{Heap before GC invocations=41 (full 2):
 PSYoungGen      total 11776K, used 11680K [0x00000000d5580000, 0x00000000d6800000, 0x0000000100000000)
  eden space 11264K, 100% used [0x00000000d5580000,0x00000000d6080000,0x00000000d6080000)
  from space 512K, 81% used [0x00000000d6780000,0x00000000d67e8010,0x00000000d6800000)
  to   space 1024K, 0% used [0x00000000d6600000,0x00000000d6600000,0x00000000d6700000)
 ParOldGen       total 68608K, used 54982K [0x0000000080000000, 0x0000000084300000, 0x00000000d5580000)
  object space 68608K, 80% used [0x0000000080000000,0x00000000835b1b60,0x0000000084300000)
 Metaspace       used 56753K, committed 58048K, reserved 1114112K
  class space    used 6664K, committed 7168K, reserved 1048576K
}
Event: 34.118 GC heap after
{Heap after GC invocations=41 (full 2):
 PSYoungGen      total 12288K, used 512K [0x00000000d5580000, 0x00000000d6800000, 0x0000000100000000)
  eden space 11264K, 0% used [0x00000000d5580000,0x00000000d5580000,0x00000000d6080000)
  from space 1024K, 50% used [0x00000000d6600000,0x00000000d6680000,0x00000000d6700000)
  to   space 1024K, 0% used [0x00000000d6700000,0x00000000d6700000,0x00000000d6800000)
 ParOldGen       total 68608K, used 55334K [0x0000000080000000, 0x0000000084300000, 0x00000000d5580000)
  object space 68608K, 80% used [0x0000000080000000,0x0000000083609b70,0x0000000084300000)
 Metaspace       used 56753K, committed 58048K, reserved 1114112K
  class space    used 6664K, committed 7168K, reserved 1048576K
}
Event: 34.290 GC heap before
{Heap before GC invocations=42 (full 2):
 PSYoungGen      total 12288K, used 11775K [0x00000000d5580000, 0x00000000d6800000, 0x0000000100000000)
  eden space 11264K, 99% used [0x00000000d5580000,0x00000000d607ffa0,0x00000000d6080000)
  from space 1024K, 50% used [0x00000000d6600000,0x00000000d6680000,0x00000000d6700000)
  to   space 1024K, 0% used [0x00000000d6700000,0x00000000d6700000,0x00000000d6800000)
 ParOldGen       total 68608K, used 55334K [0x0000000080000000, 0x0000000084300000, 0x00000000d5580000)
  object space 68608K, 80% used [0x0000000080000000,0x0000000083609b70,0x0000000084300000)
 Metaspace       used 57804K, committed 59136K, reserved 1114112K
  class space    used 6812K, committed 7360K, reserved 1048576K
}
Event: 34.291 GC heap after
{Heap after GC invocations=42 (full 2):
 PSYoungGen      total 11776K, used 512K [0x00000000d5580000, 0x00000000d6780000, 0x0000000100000000)
  eden space 11264K, 0% used [0x00000000d5580000,0x00000000d5580000,0x00000000d6080000)
  from space 512K, 100% used [0x00000000d6700000,0x00000000d6780000,0x00000000d6780000)
  to   space 1024K, 0% used [0x00000000d6580000,0x00000000d6580000,0x00000000d6680000)
 ParOldGen       total 68608K, used 55638K [0x0000000080000000, 0x0000000084300000, 0x00000000d5580000)
  object space 68608K, 81% used [0x0000000080000000,0x0000000083655880,0x0000000084300000)
 Metaspace       used 57804K, committed 59136K, reserved 1114112K
  class space    used 6812K, committed 7360K, reserved 1048576K
}
Event: 34.388 GC heap before
{Heap before GC invocations=43 (full 2):
 PSYoungGen      total 11776K, used 7623K [0x00000000d5580000, 0x00000000d6780000, 0x0000000100000000)
  eden space 11264K, 63% used [0x00000000d5580000,0x00000000d5c71e10,0x00000000d6080000)
  from space 512K, 100% used [0x00000000d6700000,0x00000000d6780000,0x00000000d6780000)
  to   space 1024K, 0% used [0x00000000d6580000,0x00000000d6580000,0x00000000d6680000)
 ParOldGen       total 68608K, used 55638K [0x0000000080000000, 0x0000000084300000, 0x00000000d5580000)
  object space 68608K, 81% used [0x0000000080000000,0x0000000083655880,0x0000000084300000)
 Metaspace       used 58418K, committed 59776K, reserved 1114112K
  class space    used 6922K, committed 7488K, reserved 1048576K
}
Event: 34.389 GC heap after
{Heap after GC invocations=43 (full 2):
 PSYoungGen      total 12288K, used 384K [0x00000000d5580000, 0x00000000d6780000, 0x0000000100000000)
  eden space 11264K, 0% used [0x00000000d5580000,0x00000000d5580000,0x00000000d6080000)
  from space 1024K, 37% used [0x00000000d6580000,0x00000000d65e0000,0x00000000d6680000)
  to   space 512K, 0% used [0x00000000d6700000,0x00000000d6700000,0x00000000d6780000)
 ParOldGen       total 68608K, used 55990K [0x0000000080000000, 0x0000000084300000, 0x00000000d5580000)
  object space 68608K, 81% used [0x0000000080000000,0x00000000836ad880,0x0000000084300000)
 Metaspace       used 58418K, committed 59776K, reserved 1114112K
  class space    used 6922K, committed 7488K, reserved 1048576K
}
Event: 34.389 GC heap before
{Heap before GC invocations=44 (full 3):
 PSYoungGen      total 12288K, used 384K [0x00000000d5580000, 0x00000000d6780000, 0x0000000100000000)
  eden space 11264K, 0% used [0x00000000d5580000,0x00000000d5580000,0x00000000d6080000)
  from space 1024K, 37% used [0x00000000d6580000,0x00000000d65e0000,0x00000000d6680000)
  to   space 512K, 0% used [0x00000000d6700000,0x00000000d6700000,0x00000000d6780000)
 ParOldGen       total 68608K, used 55990K [0x0000000080000000, 0x0000000084300000, 0x00000000d5580000)
  object space 68608K, 81% used [0x0000000080000000,0x00000000836ad880,0x0000000084300000)
 Metaspace       used 58418K, committed 59776K, reserved 1114112K
  class space    used 6922K, committed 7488K, reserved 1048576K
}
Event: 34.445 GC heap after
{Heap after GC invocations=44 (full 3):
 PSYoungGen      total 12288K, used 0K [0x00000000d5580000, 0x00000000d6780000, 0x0000000100000000)
  eden space 11264K, 0% used [0x00000000d5580000,0x00000000d5580000,0x00000000d6080000)
  from space 1024K, 0% used [0x00000000d6580000,0x00000000d6580000,0x00000000d6680000)
  to   space 512K, 0% used [0x00000000d6700000,0x00000000d6700000,0x00000000d6780000)
 ParOldGen       total 68608K, used 53039K [0x0000000080000000, 0x0000000084300000, 0x00000000d5580000)
  object space 68608K, 77% used [0x0000000080000000,0x00000000833cbe08,0x0000000084300000)
 Metaspace       used 58418K, committed 59776K, reserved 1114112K
  class space    used 6922K, committed 7488K, reserved 1048576K
}
Event: 36.718 GC heap before
{Heap before GC invocations=45 (full 3):
 PSYoungGen      total 12288K, used 11264K [0x00000000d5580000, 0x00000000d6780000, 0x0000000100000000)
  eden space 11264K, 100% used [0x00000000d5580000,0x00000000d6080000,0x00000000d6080000)
  from space 1024K, 0% used [0x00000000d6580000,0x00000000d6580000,0x00000000d6680000)
  to   space 512K, 0% used [0x00000000d6700000,0x00000000d6700000,0x00000000d6780000)
 ParOldGen       total 68608K, used 53039K [0x0000000080000000, 0x0000000084300000, 0x00000000d5580000)
  object space 68608K, 77% used [0x0000000080000000,0x00000000833cbe08,0x0000000084300000)
 Metaspace       used 59397K, committed 60800K, reserved 1114112K
  class space    used 7068K, committed 7616K, reserved 1048576K
}
Event: 36.719 GC heap after
{Heap after GC invocations=45 (full 3):
 PSYoungGen      total 11776K, used 384K [0x00000000d5580000, 0x00000000d6780000, 0x0000000100000000)
  eden space 11264K, 0% used [0x00000000d5580000,0x00000000d5580000,0x00000000d6080000)
  from space 512K, 75% used [0x00000000d6700000,0x00000000d6760010,0x00000000d6780000)
  to   space 512K, 0% used [0x00000000d6680000,0x00000000d6680000,0x00000000d6700000)
 ParOldGen       total 68608K, used 53047K [0x0000000080000000, 0x0000000084300000, 0x00000000d5580000)
  object space 68608K, 77% used [0x0000000080000000,0x00000000833cde08,0x0000000084300000)
 Metaspace       used 59397K, committed 60800K, reserved 1114112K
  class space    used 7068K, committed 7616K, reserved 1048576K
}
Event: 70.073 GC heap before
{Heap before GC invocations=46 (full 3):
 PSYoungGen      total 11776K, used 11510K [0x00000000d5580000, 0x00000000d6780000, 0x0000000100000000)
  eden space 11264K, 98% used [0x00000000d5580000,0x00000000d605d850,0x00000000d6080000)
  from space 512K, 75% used [0x00000000d6700000,0x00000000d6760010,0x00000000d6780000)
  to   space 512K, 0% used [0x00000000d6680000,0x00000000d6680000,0x00000000d6700000)
 ParOldGen       total 68608K, used 53047K [0x0000000080000000, 0x0000000084300000, 0x00000000d5580000)
  object space 68608K, 77% used [0x0000000080000000,0x00000000833cde08,0x0000000084300000)
 Metaspace       used 59996K, committed 61376K, reserved 1114112K
  class space    used 7150K, committed 7744K, reserved 1048576K
}
Event: 70.075 GC heap after
{Heap after GC invocations=46 (full 3):
 PSYoungGen      total 11776K, used 512K [0x00000000d5580000, 0x00000000d6780000, 0x0000000100000000)
  eden space 11264K, 0% used [0x00000000d5580000,0x00000000d5580000,0x00000000d6080000)
  from space 512K, 100% used [0x00000000d6680000,0x00000000d6700000,0x00000000d6700000)
  to   space 512K, 0% used [0x00000000d6700000,0x00000000d6700000,0x00000000d6780000)
 ParOldGen       total 68608K, used 54889K [0x0000000080000000, 0x0000000084300000, 0x00000000d5580000)
  object space 68608K, 80% used [0x0000000080000000,0x000000008359a558,0x0000000084300000)
 Metaspace       used 59996K, committed 61376K, reserved 1114112K
  class space    used 7150K, committed 7744K, reserved 1048576K
}
Event: 70.318 GC heap before
{Heap before GC invocations=47 (full 3):
 PSYoungGen      total 11776K, used 11776K [0x00000000d5580000, 0x00000000d6780000, 0x0000000100000000)
  eden space 11264K, 100% used [0x00000000d5580000,0x00000000d6080000,0x00000000d6080000)
  from space 512K, 100% used [0x00000000d6680000,0x00000000d6700000,0x00000000d6700000)
  to   space 512K, 0% used [0x00000000d6700000,0x00000000d6700000,0x00000000d6780000)
 ParOldGen       total 68608K, used 54889K [0x0000000080000000, 0x0000000084300000, 0x00000000d5580000)
  object space 68608K, 80% used [0x0000000080000000,0x000000008359a558,0x0000000084300000)
 Metaspace       used 60600K, committed 62016K, reserved 1114112K
  class space    used 7201K, committed 7808K, reserved 1048576K
}
Event: 70.321 GC heap after
{Heap after GC invocations=47 (full 3):
 PSYoungGen      total 11776K, used 512K [0x00000000d5580000, 0x00000000d6780000, 0x0000000100000000)
  eden space 11264K, 0% used [0x00000000d5580000,0x00000000d5580000,0x00000000d6080000)
  from space 512K, 100% used [0x00000000d6700000,0x00000000d6780000,0x00000000d6780000)
  to   space 2560K, 0% used [0x00000000d6280000,0x00000000d6280000,0x00000000d6500000)
 ParOldGen       total 68608K, used 56774K [0x0000000080000000, 0x0000000084300000, 0x00000000d5580000)
  object space 68608K, 82% used [0x0000000080000000,0x00000000837719a8,0x0000000084300000)
 Metaspace       used 60600K, committed 62016K, reserved 1114112K
  class space    used 7201K, committed 7808K, reserved 1048576K
}
Event: 71.062 GC heap before
{Heap before GC invocations=48 (full 3):
 PSYoungGen      total 11776K, used 11776K [0x00000000d5580000, 0x00000000d6780000, 0x0000000100000000)
  eden space 11264K, 100% used [0x00000000d5580000,0x00000000d6080000,0x00000000d6080000)
  from space 512K, 100% used [0x00000000d6700000,0x00000000d6780000,0x00000000d6780000)
  to   space 2560K, 0% used [0x00000000d6280000,0x00000000d6280000,0x00000000d6500000)
 ParOldGen       total 68608K, used 56774K [0x0000000080000000, 0x0000000084300000, 0x00000000d5580000)
  object space 68608K, 82% used [0x0000000080000000,0x00000000837719a8,0x0000000084300000)
 Metaspace       used 60621K, committed 62080K, reserved 1114112K
  class space    used 7201K, committed 7808K, reserved 1048576K
}
Event: 71.065 GC heap after
{Heap after GC invocations=48 (full 3):
 PSYoungGen      total 13824K, used 1264K [0x00000000d5580000, 0x00000000d6780000, 0x0000000100000000)
  eden space 11264K, 0% used [0x00000000d5580000,0x00000000d5580000,0x00000000d6080000)
  from space 2560K, 49% used [0x00000000d6280000,0x00000000d63bc010,0x00000000d6500000)
  to   space 2048K, 0% used [0x00000000d6580000,0x00000000d6580000,0x00000000d6780000)
 ParOldGen       total 68608K, used 57326K [0x0000000080000000, 0x0000000084300000, 0x00000000d5580000)
  object space 68608K, 83% used [0x0000000080000000,0x00000000837fb9a8,0x0000000084300000)
 Metaspace       used 60621K, committed 62080K, reserved 1114112K
  class space    used 7201K, committed 7808K, reserved 1048576K
}
Event: 71.578 GC heap before
{Heap before GC invocations=49 (full 3):
 PSYoungGen      total 13824K, used 12528K [0x00000000d5580000, 0x00000000d6780000, 0x0000000100000000)
  eden space 11264K, 100% used [0x00000000d5580000,0x00000000d6080000,0x00000000d6080000)
  from space 2560K, 49% used [0x00000000d6280000,0x00000000d63bc010,0x00000000d6500000)
  to   space 2048K, 0% used [0x00000000d6580000,0x00000000d6580000,0x00000000d6780000)
 ParOldGen       total 68608K, used 57326K [0x0000000080000000, 0x0000000084300000, 0x00000000d5580000)
  object space 68608K, 83% used [0x0000000080000000,0x00000000837fb9a8,0x0000000084300000)
 Metaspace       used 60872K, committed 62336K, reserved 1114112K
  class space    used 7231K, committed 7872K, reserved 1048576K
}
Event: 71.579 GC heap after
{Heap after GC invocations=49 (full 3):
 PSYoungGen      total 11776K, used 312K [0x00000000d5580000, 0x00000000d6600000, 0x0000000100000000)
  eden space 11264K, 0% used [0x00000000d5580000,0x00000000d5580000,0x00000000d6080000)
  from space 512K, 61% used [0x00000000d6580000,0x00000000d65ce1a8,0x00000000d6600000)
  to   space 1024K, 0% used [0x00000000d6400000,0x00000000d6400000,0x00000000d6500000)
 ParOldGen       total 68608K, used 58470K [0x0000000080000000, 0x0000000084300000, 0x00000000d5580000)
  object space 68608K, 85% used [0x0000000080000000,0x00000000839199b8,0x0000000084300000)
 Metaspace       used 60872K, committed 62336K, reserved 1114112K
  class space    used 7231K, committed 7872K, reserved 1048576K
}
Event: 71.832 GC heap before
{Heap before GC invocations=50 (full 3):
 PSYoungGen      total 11776K, used 11565K [0x00000000d5580000, 0x00000000d6600000, 0x0000000100000000)
  eden space 11264K, 99% used [0x00000000d5580000,0x00000000d607d450,0x00000000d6080000)
  from space 512K, 61% used [0x00000000d6580000,0x00000000d65ce1a8,0x00000000d6600000)
  to   space 1024K, 0% used [0x00000000d6400000,0x00000000d6400000,0x00000000d6500000)
 ParOldGen       total 68608K, used 58470K [0x0000000080000000, 0x0000000084300000, 0x00000000d5580000)
  object space 68608K, 85% used [0x0000000080000000,0x00000000839199b8,0x0000000084300000)
 Metaspace       used 61866K, committed 63296K, reserved 1114112K
  class space    used 7334K, committed 7936K, reserved 1048576K
}
Event: 71.834 GC heap after
{Heap after GC invocations=50 (full 3):
 PSYoungGen      total 12288K, used 576K [0x00000000d5580000, 0x00000000d6600000, 0x0000000100000000)
  eden space 11264K, 0% used [0x00000000d5580000,0x00000000d5580000,0x00000000d6080000)
  from space 1024K, 56% used [0x00000000d6400000,0x00000000d6490020,0x00000000d6500000)
  to   space 1024K, 0% used [0x00000000d6500000,0x00000000d6500000,0x00000000d6600000)
 ParOldGen       total 68608K, used 58664K [0x0000000080000000, 0x0000000084300000, 0x00000000d5580000)
  object space 68608K, 85% used [0x0000000080000000,0x000000008394a278,0x0000000084300000)
 Metaspace       used 61866K, committed 63296K, reserved 1114112K
  class space    used 7334K, committed 7936K, reserved 1048576K
}

