# JRE version: OpenJDK Runtime Environment Temurin-21.0.10+7 (21.0.10+7) (build 21.0.10+7-LTS)
# Java VM: OpenJDK 64-Bit Server VM Temurin-21.0.10+7 (21.0.10+7-LTS, mixed mode, sharing, tiered, compressed oops, compressed class ptrs, parallel gc, windows-amd64)
GC Precious Log:
 CardTable entry size: 512
 CPUs: 12 total, 12 available
 Memory: 23925M
 Large Page Support: Disabled
 NUMA Support: Disabled
 Compressed Oops: Enabled (32-bit)
 Alignments: Space 512K, Generation 512K, Heap 2M
 Heap Min Capacity: 100M
 Heap Initial Capacity: 100M
 Heap Max Capacity: 2G
 Pre-touch: Disabled
 Parallel Workers: 10
Heap:
 PSYoungGen      total 13312K, used 2435K [0x00000000d5580000, 0x00000000d6600000, 0x0000000100000000)
  eden space 12288K, 14% used [0x00000000d5580000,0x00000000d5748c68,0x00000000d6180000)
  from space 1024K, 59% used [0x00000000d6500000,0x00000000d6598040,0x00000000d6600000)
  to   space 1536K, 0% used [0x00000000d6300000,0x00000000d6300000,0x00000000d6480000)
 ParOldGen       total 68608K, used 59254K [0x0000000080000000, 0x0000000084300000, 0x00000000d5580000)
  object space 68608K, 86% used [0x0000000080000000,0x00000000839dd9a8,0x0000000084300000)
 Metaspace       used 62637K, committed 64128K, reserved 1114112K
  class space    used 7423K, committed 8064K, reserved 1048576K
GC Heap History (20 events):
Event: 28.613 GC heap before
{Heap before GC invocations=40 (full 2):
 PSYoungGen      total 12800K, used 12736K [0x00000000d5580000, 0x00000000d6780000, 0x0000000100000000)
  eden space 12288K, 100% used [0x00000000d5580000,0x00000000d6180000,0x00000000d6180000)
  from space 512K, 87% used [0x00000000d6600000,0x00000000d6670010,0x00000000d6680000)
  to   space 1024K, 0% used [0x00000000d6680000,0x00000000d6680000,0x00000000d6780000)
 ParOldGen       total 68608K, used 54481K [0x0000000080000000, 0x0000000084300000, 0x00000000d5580000)
  object space 68608K, 79% used [0x0000000080000000,0x0000000083534408,0x0000000084300000)
 Metaspace       used 56456K, committed 57792K, reserved 1114112K
  class space    used 6653K, committed 7232K, reserved 1048576K
}
Event: 28.614 GC heap after
{Heap after GC invocations=40 (full 2):
 PSYoungGen      total 13312K, used 993K [0x00000000d5580000, 0x00000000d6780000, 0x0000000100000000)
  eden space 12288K, 0% used [0x00000000d5580000,0x00000000d5580000,0x00000000d6180000)
  from space 1024K, 96% used [0x00000000d6680000,0x00000000d6778448,0x00000000d6780000)
  to   space 2560K, 0% used [0x00000000d6280000,0x00000000d6280000,0x00000000d6500000)
 ParOldGen       total 68608K, used 55489K [0x0000000080000000, 0x0000000084300000, 0x00000000d5580000)
  object space 68608K, 80% used [0x0000000080000000,0x0000000083630418,0x0000000084300000)
 Metaspace       used 56456K, committed 57792K, reserved 1114112K
  class space    used 6653K, committed 7232K, reserved 1048576K
}
Event: 28.856 GC heap before
{Heap before GC invocations=41 (full 2):
 PSYoungGen      total 13312K, used 13281K [0x00000000d5580000, 0x00000000d6780000, 0x0000000100000000)
  eden space 12288K, 100% used [0x00000000d5580000,0x00000000d6180000,0x00000000d6180000)
  from space 1024K, 96% used [0x00000000d6680000,0x00000000d6778448,0x00000000d6780000)
  to   space 2560K, 0% used [0x00000000d6280000,0x00000000d6280000,0x00000000d6500000)
 ParOldGen       total 68608K, used 55489K [0x0000000080000000, 0x0000000084300000, 0x00000000d5580000)
  object space 68608K, 80% used [0x0000000080000000,0x0000000083630418,0x0000000084300000)
 Metaspace       used 57782K, committed 59200K, reserved 1114112K
  class space    used 6855K, committed 7488K, reserved 1048576K
}
Event: 28.857 GC heap after
{Heap after GC invocations=41 (full 2):
 PSYoungGen      total 14848K, used 544K [0x00000000d5580000, 0x00000000d6700000, 0x0000000100000000)
  eden space 12288K, 0% used [0x00000000d5580000,0x00000000d5580000,0x00000000d6180000)
  from space 2560K, 21% used [0x00000000d6280000,0x00000000d6308000,0x00000000d6500000)
  to   space 1536K, 0% used [0x00000000d6580000,0x00000000d6580000,0x00000000d6700000)
 ParOldGen       total 68608K, used 55864K [0x0000000080000000, 0x0000000084300000, 0x00000000d5580000)
  object space 68608K, 81% used [0x0000000080000000,0x000000008368e128,0x0000000084300000)
 Metaspace       used 57782K, committed 59200K, reserved 1114112K
  class space    used 6855K, committed 7488K, reserved 1048576K
}
Event: 28.941 GC heap before
{Heap before GC invocations=42 (full 2):
 PSYoungGen      total 14848K, used 6295K [0x00000000d5580000, 0x00000000d6700000, 0x0000000100000000)
  eden space 12288K, 46% used [0x00000000d5580000,0x00000000d5b1dc40,0x00000000d6180000)
  from space 2560K, 21% used [0x00000000d6280000,0x00000000d6308000,0x00000000d6500000)
  to   space 1536K, 0% used [0x00000000d6580000,0x00000000d6580000,0x00000000d6700000)
 ParOldGen       total 68608K, used 55864K [0x0000000080000000, 0x0000000084300000, 0x00000000d5580000)
  object space 68608K, 81% used [0x0000000080000000,0x000000008368e128,0x0000000084300000)
 Metaspace       used 58359K, committed 59776K, reserved 1114112K
  class space    used 6958K, committed 7616K, reserved 1048576K
}
Event: 28.943 GC heap after
{Heap after GC invocations=42 (full 2):
 PSYoungGen      total 12800K, used 320K [0x00000000d5580000, 0x00000000d6600000, 0x0000000100000000)
  eden space 12288K, 0% used [0x00000000d5580000,0x00000000d5580000,0x00000000d6180000)
  from space 512K, 62% used [0x00000000d6580000,0x00000000d65d0000,0x00000000d6600000)
  to   space 512K, 0% used [0x00000000d6500000,0x00000000d6500000,0x00000000d6580000)
 ParOldGen       total 68608K, used 56336K [0x0000000080000000, 0x0000000084300000, 0x00000000d5580000)
  object space 68608K, 82% used [0x0000000080000000,0x0000000083704128,0x0000000084300000)
 Metaspace       used 58359K, committed 59776K, reserved 1114112K
  class space    used 6958K, committed 7616K, reserved 1048576K
}
Event: 28.943 GC heap before
{Heap before GC invocations=43 (full 3):
 PSYoungGen      total 12800K, used 320K [0x00000000d5580000, 0x00000000d6600000, 0x0000000100000000)
  eden space 12288K, 0% used [0x00000000d5580000,0x00000000d5580000,0x00000000d6180000)
  from space 512K, 62% used [0x00000000d6580000,0x00000000d65d0000,0x00000000d6600000)
  to   space 512K, 0% used [0x00000000d6500000,0x00000000d6500000,0x00000000d6580000)
 ParOldGen       total 68608K, used 56336K [0x0000000080000000, 0x0000000084300000, 0x00000000d5580000)
  object space 68608K, 82% used [0x0000000080000000,0x0000000083704128,0x0000000084300000)
 Metaspace       used 58359K, committed 59776K, reserved 1114112K
  class space    used 6958K, committed 7616K, reserved 1048576K
}
Event: 28.999 GC heap after
{Heap after GC invocations=43 (full 3):
 PSYoungGen      total 12800K, used 0K [0x00000000d5580000, 0x00000000d6600000, 0x0000000100000000)
  eden space 12288K, 0% used [0x00000000d5580000,0x00000000d5580000,0x00000000d6180000)
  from space 512K, 0% used [0x00000000d6580000,0x00000000d6580000,0x00000000d6600000)
  to   space 512K, 0% used [0x00000000d6500000,0x00000000d6500000,0x00000000d6580000)
 ParOldGen       total 68608K, used 52641K [0x0000000080000000, 0x0000000084300000, 0x00000000d5580000)
  object space 68608K, 76% used [0x0000000080000000,0x0000000083368560,0x0000000084300000)
 Metaspace       used 58359K, committed 59776K, reserved 1114112K
  class space    used 6958K, committed 7616K, reserved 1048576K
}
Event: 31.822 GC heap before
{Heap before GC invocations=44 (full 3):
 PSYoungGen      total 12800K, used 12288K [0x00000000d5580000, 0x00000000d6600000, 0x0000000100000000)
  eden space 12288K, 100% used [0x00000000d5580000,0x00000000d6180000,0x00000000d6180000)
  from space 512K, 0% used [0x00000000d6580000,0x00000000d6580000,0x00000000d6600000)
  to   space 512K, 0% used [0x00000000d6500000,0x00000000d6500000,0x00000000d6580000)
 ParOldGen       total 68608K, used 52641K [0x0000000080000000, 0x0000000084300000, 0x00000000d5580000)
  object space 68608K, 76% used [0x0000000080000000,0x0000000083368560,0x0000000084300000)
 Metaspace       used 59494K, committed 60928K, reserved 1114112K
  class space    used 7113K, committed 7808K, reserved 1048576K
}
Event: 31.823 GC heap after
{Heap after GC invocations=44 (full 3):
 PSYoungGen      total 12800K, used 496K [0x00000000d5580000, 0x00000000d6600000, 0x0000000100000000)
  eden space 12288K, 0% used [0x00000000d5580000,0x00000000d5580000,0x00000000d6180000)
  from space 512K, 96% used [0x00000000d6500000,0x00000000d657c020,0x00000000d6580000)
  to   space 512K, 0% used [0x00000000d6580000,0x00000000d6580000,0x00000000d6600000)
 ParOldGen       total 68608K, used 52765K [0x0000000080000000, 0x0000000084300000, 0x00000000d5580000)
  object space 68608K, 76% used [0x0000000080000000,0x0000000083387570,0x0000000084300000)
 Metaspace       used 59494K, committed 60928K, reserved 1114112K
  class space    used 7113K, committed 7808K, reserved 1048576K
}
Event: 62.060 GC heap before
{Heap before GC invocations=45 (full 3):
 PSYoungGen      total 12800K, used 12784K [0x00000000d5580000, 0x00000000d6600000, 0x0000000100000000)
  eden space 12288K, 100% used [0x00000000d5580000,0x00000000d6180000,0x00000000d6180000)
  from space 512K, 96% used [0x00000000d6500000,0x00000000d657c020,0x00000000d6580000)
  to   space 512K, 0% used [0x00000000d6580000,0x00000000d6580000,0x00000000d6600000)
 ParOldGen       total 68608K, used 52765K [0x0000000080000000, 0x0000000084300000, 0x00000000d5580000)
  object space 68608K, 76% used [0x0000000080000000,0x0000000083387570,0x0000000084300000)
 Metaspace       used 59910K, committed 61312K, reserved 1114112K
  class space    used 7148K, committed 7808K, reserved 1048576K
}
Event: 62.063 GC heap after
{Heap after GC invocations=45 (full 3):
 PSYoungGen      total 12800K, used 512K [0x00000000d5580000, 0x00000000d6780000, 0x0000000100000000)
  eden space 12288K, 0% used [0x00000000d5580000,0x00000000d5580000,0x00000000d6180000)
  from space 512K, 100% used [0x00000000d6580000,0x00000000d6600000,0x00000000d6600000)
  to   space 3072K, 0% used [0x00000000d6180000,0x00000000d6180000,0x00000000d6480000)
 ParOldGen       total 68608K, used 54625K [0x0000000080000000, 0x0000000084300000, 0x00000000d5580000)
  object space 68608K, 79% used [0x0000000080000000,0x0000000083558750,0x0000000084300000)
 Metaspace       used 59910K, committed 61312K, reserved 1114112K
  class space    used 7148K, committed 7808K, reserved 1048576K
}
Event: 62.223 GC heap before
{Heap before GC invocations=46 (full 3):
 PSYoungGen      total 12800K, used 12800K [0x00000000d5580000, 0x00000000d6780000, 0x0000000100000000)
  eden space 12288K, 100% used [0x00000000d5580000,0x00000000d6180000,0x00000000d6180000)
  from space 512K, 100% used [0x00000000d6580000,0x00000000d6600000,0x00000000d6600000)
  to   space 3072K, 0% used [0x00000000d6180000,0x00000000d6180000,0x00000000d6480000)
 ParOldGen       total 68608K, used 54625K [0x0000000080000000, 0x0000000084300000, 0x00000000d5580000)
  object space 68608K, 79% used [0x0000000080000000,0x0000000083558750,0x0000000084300000)
 Metaspace       used 60519K, committed 61952K, reserved 1114112K
  class space    used 7200K, committed 7872K, reserved 1048576K
}
Event: 62.225 GC heap after
{Heap after GC invocations=46 (full 3):
 PSYoungGen      total 15360K, used 2742K [0x00000000d5580000, 0x00000000d6780000, 0x0000000100000000)
  eden space 12288K, 0% used [0x00000000d5580000,0x00000000d5580000,0x00000000d6180000)
  from space 3072K, 89% used [0x00000000d6180000,0x00000000d642d840,0x00000000d6480000)
  to   space 3072K, 0% used [0x00000000d6480000,0x00000000d6480000,0x00000000d6780000)
 ParOldGen       total 68608K, used 55170K [0x0000000080000000, 0x0000000084300000, 0x00000000d5580000)
  object space 68608K, 80% used [0x0000000080000000,0x00000000835e0898,0x0000000084300000)
 Metaspace       used 60519K, committed 61952K, reserved 1114112K
  class space    used 7200K, committed 7872K, reserved 1048576K
}
Event: 62.684 GC heap before
{Heap before GC invocations=47 (full 3):
 PSYoungGen      total 15360K, used 15030K [0x00000000d5580000, 0x00000000d6780000, 0x0000000100000000)
  eden space 12288K, 100% used [0x00000000d5580000,0x00000000d6180000,0x00000000d6180000)
  from space 3072K, 89% used [0x00000000d6180000,0x00000000d642d840,0x00000000d6480000)
  to   space 3072K, 0% used [0x00000000d6480000,0x00000000d6480000,0x00000000d6780000)
 ParOldGen       total 68608K, used 55170K [0x0000000080000000, 0x0000000084300000, 0x00000000d5580000)
  object space 68608K, 80% used [0x0000000080000000,0x00000000835e0898,0x0000000084300000)
 Metaspace       used 60541K, committed 62016K, reserved 1114112K
  class space    used 7201K, committed 7872K, reserved 1048576K
}
Event: 62.686 GC heap after
{Heap after GC invocations=47 (full 3):
 PSYoungGen      total 12800K, used 512K [0x00000000d5580000, 0x00000000d6500000, 0x0000000100000000)
  eden space 12288K, 0% used [0x00000000d5580000,0x00000000d5580000,0x00000000d6180000)
  from space 512K, 100% used [0x00000000d6480000,0x00000000d6500000,0x00000000d6500000)
  to   space 1536K, 0% used [0x00000000d6200000,0x00000000d6200000,0x00000000d6380000)
 ParOldGen       total 68608K, used 57804K [0x0000000080000000, 0x0000000084300000, 0x00000000d5580000)
  object space 68608K, 84% used [0x0000000080000000,0x00000000838730e8,0x0000000084300000)
 Metaspace       used 60541K, committed 62016K, reserved 1114112K
  class space    used 7201K, committed 7872K, reserved 1048576K
}
Event: 63.018 GC heap before
{Heap before GC invocations=48 (full 3):
 PSYoungGen      total 12800K, used 12800K [0x00000000d5580000, 0x00000000d6500000, 0x0000000100000000)
  eden space 12288K, 100% used [0x00000000d5580000,0x00000000d6180000,0x00000000d6180000)
  from space 512K, 100% used [0x00000000d6480000,0x00000000d6500000,0x00000000d6500000)
  to   space 1536K, 0% used [0x00000000d6200000,0x00000000d6200000,0x00000000d6380000)
 ParOldGen       total 68608K, used 57804K [0x0000000080000000, 0x0000000084300000, 0x00000000d5580000)
  object space 68608K, 84% used [0x0000000080000000,0x00000000838730e8,0x0000000084300000)
 Metaspace       used 61031K, committed 62592K, reserved 1114112K
  class space    used 7257K, committed 7936K, reserved 1048576K
}
Event: 63.021 GC heap after
{Heap after GC invocations=48 (full 3):
 PSYoungGen      total 13824K, used 1513K [0x00000000d5580000, 0x00000000d6880000, 0x0000000100000000)
  eden space 12288K, 0% used [0x00000000d5580000,0x00000000d5580000,0x00000000d6180000)
  from space 1536K, 98% used [0x00000000d6200000,0x00000000d637a488,0x00000000d6380000)
  to   space 3584K, 0% used [0x00000000d6500000,0x00000000d6500000,0x00000000d6880000)
 ParOldGen       total 68608K, used 59028K [0x0000000080000000, 0x0000000084300000, 0x00000000d5580000)
  object space 68608K, 86% used [0x0000000080000000,0x00000000839a50e8,0x0000000084300000)
 Metaspace       used 61031K, committed 62592K, reserved 1114112K
  class space    used 7257K, committed 7936K, reserved 1048576K
}
Event: 2835.702 GC heap before
{Heap before GC invocations=49 (full 3):
 PSYoungGen      total 13824K, used 13791K [0x00000000d5580000, 0x00000000d6880000, 0x0000000100000000)
  eden space 12288K, 99% used [0x00000000d5580000,0x00000000d617d778,0x00000000d6180000)
  from space 1536K, 98% used [0x00000000d6200000,0x00000000d637a488,0x00000000d6380000)
  to   space 3584K, 0% used [0x00000000d6500000,0x00000000d6500000,0x00000000d6880000)
 ParOldGen       total 68608K, used 59028K [0x0000000080000000, 0x0000000084300000, 0x00000000d5580000)
  object space 68608K, 86% used [0x0000000080000000,0x00000000839a50e8,0x0000000084300000)
 Metaspace       used 62330K, committed 63872K, reserved 1114112K
  class space    used 7399K, committed 8064K, reserved 1048576K
}
Event: 2835.712 GC heap after
{Heap after GC invocations=49 (full 3):
 PSYoungGen      total 13312K, used 608K [0x00000000d5580000, 0x00000000d6600000, 0x0000000100000000)
  eden space 12288K, 0% used [0x00000000d5580000,0x00000000d5580000,0x00000000d6180000)
  from space 1024K, 59% used [0x00000000d6500000,0x00000000d6598040,0x00000000d6600000)
  to   space 1536K, 0% used [0x00000000d6300000,0x00000000d6300000,0x00000000d6480000)
 ParOldGen       total 68608K, used 59254K [0x0000000080000000, 0x0000000084300000, 0x00000000d5580000)
  object space 68608K, 86% used [0x0000000080000000,0x00000000839dd9a8,0x0000000084300000)
 Metaspace       used 62330K, committed 63872K, reserved 1114112K
  class space    used 7399K, committed 8064K, reserved 1048576K
}

